# JRE version: OpenJDK Runtime Environment (8.0_152-b01) (build 1.8.0_152-release-1248-b01)
# Java VM: OpenJDK 64-Bit Server VM (25.152-b01 mixed mode windows-amd64 compressed oops)
Heap:
 PSYoungGen      total 436224K, used 111690K [0x00000000e0000000, 0x0000000100000000, 0x0000000100000000)
  eden space 348160K, 31% used [0x00000000e0000000,0x00000000e6baca30,0x00000000f5400000)
  from space 88064K, 1% used [0x00000000f5400000,0x00000000f5565e40,0x00000000faa00000)
  to   space 86016K, 0% used [0x00000000fac00000,0x00000000fac00000,0x0000000100000000)
 ParOldGen       total 332288K, used 234904K [0x00000000a0000000, 0x00000000b4480000, 0x00000000e0000000)
  object space 332288K, 70% used [0x00000000a0000000,0x00000000ae5661b8,0x00000000b4480000)
 Metaspace       used 136775K, capacity 143988K, committed 144640K, reserved 1175552K
  class space    used 17034K, capacity 18495K, committed 18688K, reserved 1048576K
GC Heap History (10 events):
Event: 6834.438 GC heap before
{Heap before GC invocations=62 (full 4):
 PSYoungGen      total 478720K, used 447896K [0x00000000e0000000, 0x00000000ffb00000, 0x0000000100000000)
  eden space 442880K, 100% used [0x00000000e0000000,0x00000000fb080000,0x00000000fb080000)
  from space 35840K, 13% used [0x00000000fb080000,0x00000000fb566348,0x00000000fd380000)
  to   space 33792K, 0% used [0x00000000fda00000,0x00000000fda00000,0x00000000ffb00000)
 ParOldGen       total 164864K, used 106923K [0x00000000a0000000, 0x00000000aa100000, 0x00000000e0000000)
  object space 164864K, 64% used [0x00000000a0000000,0x00000000a686af78,0x00000000aa100000)
 Metaspace       used 135588K, capacity 143198K, committed 143360K, reserved 1173504K
  class space    used 16888K, capacity 18331K, committed 18432K, reserved 1048576K
Event: 6836.295 GC heap after
Heap after GC invocations=62 (full 4):
 PSYoungGen      total 422912K, used 33778K [0x00000000e0000000, 0x0000000100000000, 0x0000000100000000)
  eden space 389120K, 0% used [0x00000000e0000000,0x00000000e0000000,0x00000000f7c00000)
  from space 33792K, 99% used [0x00000000fda00000,0x00000000ffafc980,0x00000000ffb00000)
  to   space 67584K, 0% used [0x00000000f7c00000,0x00000000f7c00000,0x00000000fbe00000)
 ParOldGen       total 180224K, used 180169K [0x00000000a0000000, 0x00000000ab000000, 0x00000000e0000000)
  object space 180224K, 99% used [0x00000000a0000000,0x00000000aaff2448,0x00000000ab000000)
 Metaspace       used 135588K, capacity 143198K, committed 143360K, reserved 1173504K
  class space    used 16888K, capacity 18331K, committed 18432K, reserved 1048576K
}
Event: 6836.295 GC heap before
{Heap before GC invocations=63 (full 5):
 PSYoungGen      total 422912K, used 33778K [0x00000000e0000000, 0x0000000100000000, 0x0000000100000000)
  eden space 389120K, 0% used [0x00000000e0000000,0x00000000e0000000,0x00000000f7c00000)
  from space 33792K, 99% used [0x00000000fda00000,0x00000000ffafc980,0x00000000ffb00000)
  to   space 67584K, 0% used [0x00000000f7c00000,0x00000000f7c00000,0x00000000fbe00000)
 ParOldGen       total 180224K, used 180169K [0x00000000a0000000, 0x00000000ab000000, 0x00000000e0000000)
  object space 180224K, 99% used [0x00000000a0000000,0x00000000aaff2448,0x00000000ab000000)
 Metaspace       used 135588K, capacity 143198K, committed 143360K, reserved 1173504K
  class space    used 16888K, capacity 18331K, committed 18432K, reserved 1048576K
Event: 6862.533 GC heap after
Heap after GC invocations=63 (full 5):
 PSYoungGen      total 422912K, used 5018K [0x00000000e0000000, 0x0000000100000000, 0x0000000100000000)
  eden space 389120K, 0% used [0x00000000e0000000,0x00000000e0000000,0x00000000f7c00000)
  from space 33792K, 14% used [0x00000000fda00000,0x00000000fdee6bd0,0x00000000ffb00000)
  to   space 67584K, 0% used [0x00000000f7c00000,0x00000000f7c00000,0x00000000fbe00000)
 ParOldGen       total 332288K, used 179795K [0x00000000a0000000, 0x00000000b4480000, 0x00000000e0000000)
  object space 332288K, 54% used [0x00000000a0000000,0x00000000aaf94e58,0x00000000b4480000)
 Metaspace       used 135256K, capacity 142268K, committed 143360K, reserved 1173504K
  class space    used 16793K, capacity 18182K, committed 18432K, reserved 1048576K
}
Event: 6865.849 GC heap before
{Heap before GC invocations=64 (full 5):
 PSYoungGen      total 422912K, used 394138K [0x00000000e0000000, 0x0000000100000000, 0x0000000100000000)
  eden space 389120K, 100% used [0x00000000e0000000,0x00000000f7c00000,0x00000000f7c00000)
  from space 33792K, 14% used [0x00000000fda00000,0x00000000fdee6bd0,0x00000000ffb00000)
  to   space 67584K, 0% used [0x00000000f7c00000,0x00000000f7c00000,0x00000000fbe00000)
 ParOldGen       total 332288K, used 179795K [0x00000000a0000000, 0x00000000b4480000, 0x00000000e0000000)
  object space 332288K, 54% used [0x00000000a0000000,0x00000000aaf94e58,0x00000000b4480000)
 Metaspace       used 135273K, capacity 142314K, committed 143360K, reserved 1173504K
  class space    used 16797K, capacity 18219K, committed 18432K, reserved 1048576K
Event: 6866.041 GC heap after
Heap after GC invocations=64 (full 5):
 PSYoungGen      total 456704K, used 67583K [0x00000000e0000000, 0x0000000100000000, 0x0000000100000000)
  eden space 389120K, 0% used [0x00000000e0000000,0x00000000e0000000,0x00000000f7c00000)
  from space 67584K, 99% used [0x00000000f7c00000,0x00000000fbdffcc0,0x00000000fbe00000)
  to   space 67584K, 0% used [0x00000000fbe00000,0x00000000fbe00000,0x0000000100000000)
 ParOldGen       total 332288K, used 211455K [0x00000000a0000000, 0x00000000b4480000, 0x00000000e0000000)
  object space 332288K, 63% used [0x00000000a0000000,0x00000000ace7fd88,0x00000000b4480000)
 Metaspace       used 135273K, capacity 142314K, committed 143360K, reserved 1173504K
  class space    used 16797K, capacity 18219K, committed 18432K, reserved 1048576K
}
Event: 6872.849 GC heap before
{Heap before GC invocations=65 (full 5):
 PSYoungGen      total 456704K, used 456536K [0x00000000e0000000, 0x0000000100000000, 0x0000000100000000)
  eden space 389120K, 99% used [0x00000000e0000000,0x00000000f7bd6680,0x00000000f7c00000)
  from space 67584K, 99% used [0x00000000f7c00000,0x00000000fbdffcc0,0x00000000fbe00000)
  to   space 67584K, 0% used [0x00000000fbe00000,0x00000000fbe00000,0x0000000100000000)
 ParOldGen       total 332288K, used 211455K [0x00000000a0000000, 0x00000000b4480000, 0x00000000e0000000)
  object space 332288K, 63% used [0x00000000a0000000,0x00000000ace7fd88,0x00000000b4480000)
 Metaspace       used 135915K, capacity 142980K, committed 143744K, reserved 1175552K
  class space    used 16890K, capacity 18330K, committed 18560K, reserved 1048576K
Event: 6872.898 GC heap after
Heap after GC invocations=65 (full 5):
 PSYoungGen      total 415744K, used 13969K [0x00000000e0000000, 0x0000000100000000, 0x0000000100000000)
  eden space 348160K, 0% used [0x00000000e0000000,0x00000000e0000000,0x00000000f5400000)
  from space 67584K, 20% used [0x00000000fbe00000,0x00000000fcba4728,0x0000000100000000)
  to   space 88064K, 0% used [0x00000000f5400000,0x00000000f5400000,0x00000000faa00000)
 ParOldGen       total 332288K, used 232736K [0x00000000a0000000, 0x00000000b4480000, 0x00000000e0000000)
  object space 332288K, 70% used [0x00000000a0000000,0x00000000ae348108,0x00000000b4480000)
 Metaspace       used 135915K, capacity 142980K, committed 143744K, reserved 1175552K
  class space    used 16890K, capacity 18330K, committed 18560K, reserved 1048576K
}
Event: 6873.343 GC heap before
{Heap before GC invocations=66 (full 5):
 PSYoungGen      total 415744K, used 362040K [0x00000000e0000000, 0x0000000100000000, 0x0000000100000000)
  eden space 348160K, 99% used [0x00000000e0000000,0x00000000f53e9ae0,0x00000000f5400000)
  from space 67584K, 20% used [0x00000000fbe00000,0x00000000fcba4728,0x0000000100000000)
  to   space 88064K, 0% used [0x00000000f5400000,0x00000000f5400000,0x00000000faa00000)
 ParOldGen       total 332288K, used 232736K [0x00000000a0000000, 0x00000000b4480000, 0x00000000e0000000)
  object space 332288K, 70% used [0x00000000a0000000,0x00000000ae348108,0x00000000b4480000)
 Metaspace       used 136017K, capacity 143070K, committed 144000K, reserved 1175552K
  class space    used 16891K, capacity 18331K, committed 18560K, reserved 1048576K
Event: 6873.357 GC heap after
Heap after GC invocations=66 (full 5):
 PSYoungGen      total 436224K, used 1431K [0x00000000e0000000, 0x0000000100000000, 0x0000000100000000)
  eden space 348160K, 0% used [0x00000000e0000000,0x00000000e0000000,0x00000000f5400000)
  from space 88064K, 1% used [0x00000000f5400000,0x00000000f5565e40,0x00000000faa00000)
  to   space 86016K, 0% used [0x00000000fac00000,0x00000000fac00000,0x0000000100000000)
 ParOldGen       total 332288K, used 234904K [0x00000000a0000000, 0x00000000b4480000, 0x00000000e0000000)
  object space 332288K, 70% used [0x00000000a0000000,0x00000000ae5661b8,0x00000000b4480000)
 Metaspace       used 136017K, capacity 143070K, committed 144000K, reserved 1175552K
  class space    used 16891K, capacity 18331K, committed 18560K, reserved 1048576K
}

